<?xml version="1.0" encoding="UTF-8"?>
<testsuite name="CalculatorTest" tests="1" skipped="0" failures="0" errors="0" timestamp="2020-03-08T16:15:47" hostname="Gabrielas-MacBook-Air.local" time="0.002">
  <properties/>
  <testcase name="calculateWalletInterest" classname="CalculatorTest" time="0.002"/>
  <system-out><![CDATA[]]></system-out>
  <system-err><![CDATA[]]></system-err>
</testsuite>
